..\..\..\lib\vc2008\dynamic\SPARK_debug.pdb
C:\Users\Andrea\Dropbox\GeometryInstancing\SPARK-1.5.5\lib\vc2008\dynamic\SPARK Engine CORE DLL.exp
C:\Users\Andrea\Dropbox\GeometryInstancing\SPARK-1.5.5\lib\vc2008\dynamic\SPARK Engine CORE DLL.lib
C:\USERS\ANDREA\DROPBOX\GEOMETRYINSTANCING\SPARK-1.5.5\LIB\VC2008\DYNAMIC\SPARK ENGINE CORE DLL.PDB
C:\USERS\ANDREA\DROPBOX\GEOMETRYINSTANCING\SPARK-1.5.5\LIB\VC2008\DYNAMIC\SPARK_DEBUG.DLL
C:\USERS\ANDREA\DROPBOX\GEOMETRYINSTANCING\SPARK-1.5.5\PROJECTS\VC2008\SPARK ENGINE\SPARK ENGINE CORE DLL\DEBUG\SPARK ENGINE CORE DLL.DLL.INTERMEDIATE.MANIFEST
C:\USERS\ANDREA\DROPBOX\GEOMETRYINSTANCING\SPARK-1.5.5\PROJECTS\VC2008\SPARK ENGINE\SPARK ENGINE CORE DLL\DEBUG\SPK_ALL.OBJ
C:\USERS\ANDREA\DROPBOX\GEOMETRYINSTANCING\SPARK-1.5.5\PROJECTS\VC2008\SPARK ENGINE\SPARK ENGINE CORE DLL\DEBUG\VC100.PDB
D:\Documenti\MGD\GP\GeometryInstancing\SPARK-1.5.5\lib\vc2008\dynamic\SPARK Engine CORE DLL.exp
D:\Documenti\MGD\GP\GeometryInstancing\SPARK-1.5.5\lib\vc2008\dynamic\SPARK Engine CORE DLL.lib
D:\DOCUMENTI\MGD\GP\GEOMETRYINSTANCING\SPARK-1.5.5\LIB\VC2008\DYNAMIC\SPARK ENGINE CORE DLL.PDB
D:\DOCUMENTI\MGD\GP\GEOMETRYINSTANCING\SPARK-1.5.5\LIB\VC2008\DYNAMIC\SPARK_DEBUG.DLL
D:\Documenti\MGD\GP\GeometryInstancing\SPARK-1.5.5\lib\vc2008\dynamic\SPARK_debug.exp
D:\Documenti\MGD\GP\GeometryInstancing\SPARK-1.5.5\lib\vc2008\dynamic\SPARK_debug.lib
D:\DOCUMENTI\MGD\GP\GEOMETRYINSTANCING\SPARK-1.5.5\LIB\VC2008\DYNAMIC\SPARK_DEBUG.PDB
D:\Documenti\MGD\GP\GeometryInstancing\SPARK-1.5.5\projects\vc2008\SPARK engine\..\..\..\lib\vc2008\dynamic\SPARK_debug.dll
D:\Documenti\MGD\GP\GeometryInstancing\SPARK-1.5.5\projects\vc2008\SPARK engine\SPARK Engine CORE DLL\Debug\cl.command.1.tlog
D:\Documenti\MGD\GP\GeometryInstancing\SPARK-1.5.5\projects\vc2008\SPARK engine\SPARK Engine CORE DLL\Debug\CL.read.1.tlog
D:\Documenti\MGD\GP\GeometryInstancing\SPARK-1.5.5\projects\vc2008\SPARK engine\SPARK Engine CORE DLL\Debug\CL.write.1.tlog
D:\Documenti\MGD\GP\GeometryInstancing\SPARK-1.5.5\projects\vc2008\SPARK engine\SPARK Engine CORE DLL\Debug\link.command.1.tlog
D:\Documenti\MGD\GP\GeometryInstancing\SPARK-1.5.5\projects\vc2008\SPARK engine\SPARK Engine CORE DLL\Debug\link.read.1.tlog
D:\Documenti\MGD\GP\GeometryInstancing\SPARK-1.5.5\projects\vc2008\SPARK engine\SPARK Engine CORE DLL\Debug\link.write.1.tlog
D:\Documenti\MGD\GP\GeometryInstancing\SPARK-1.5.5\projects\vc2008\SPARK engine\SPARK Engine CORE DLL\Debug\mt.command.1.tlog
D:\Documenti\MGD\GP\GeometryInstancing\SPARK-1.5.5\projects\vc2008\SPARK engine\SPARK Engine CORE DLL\Debug\mt.read.1.tlog
D:\Documenti\MGD\GP\GeometryInstancing\SPARK-1.5.5\projects\vc2008\SPARK engine\SPARK Engine CORE DLL\Debug\mt.write.1.tlog
D:\DOCUMENTI\MGD\GP\GEOMETRYINSTANCING\SPARK-1.5.5\PROJECTS\VC2008\SPARK ENGINE\SPARK ENGINE CORE DLL\DEBUG\SPARK ENGINE CORE DLL.DLL.INTERMEDIATE.MANIFEST
D:\Documenti\MGD\GP\GeometryInstancing\SPARK-1.5.5\projects\vc2008\SPARK engine\SPARK Engine CORE DLL\Debug\SPARK Engine CORE DLL.write.1.tlog
D:\DOCUMENTI\MGD\GP\GEOMETRYINSTANCING\SPARK-1.5.5\PROJECTS\VC2008\SPARK ENGINE\SPARK ENGINE CORE DLL\DEBUG\SPARK_DEBUG.DLL.INTERMEDIATE.MANIFEST
D:\DOCUMENTI\MGD\GP\GEOMETRYINSTANCING\SPARK-1.5.5\PROJECTS\VC2008\SPARK ENGINE\SPARK ENGINE CORE DLL\DEBUG\SPK_ALL.OBJ
D:\DOCUMENTI\MGD\GP\GEOMETRYINSTANCING\SPARK-1.5.5\PROJECTS\VC2008\SPARK ENGINE\SPARK ENGINE CORE DLL\DEBUG\VC100.PDB
